Starting Single Run, Sweeps and Corners...

Current time: Tue Oct 25 11:12:07 2016 
Best design point: 1
Design specs: 
	Tran_Test	corner	Nominal - 
	D_Delay_R		325.7p	Yes
	D_Delay_F		396.5p	Yes
	C_Delay_F		394.7p	Yes
	C_Delay_R		345.6p	Yes
	B_Delay_R		326p	Yes
	B_Delay_F		393.6p	Yes
	A_Delay_R		376.4p	Yes
	A_Delay_F		391.7p	Yes
Design parameters: 
	VDD		1.8
	Period		5n
	Vsweep		0
	Tsim		160n
	Wp		6u
	Wn		3u

Interactive.29
Number of points completed: 1
Number of simulation errors: 0
Interactive.29 completed. 
Current time: Tue Oct 25 11:12:20 2016 
